
EXP-00056: ORACLE error 28002 encountered
ORA-28002: the password will expire within 7 days
Connected to: Oracle Database 11g Express Edition Release 11.2.0.2.0 - 64bit Production
Export done in WE8MSWIN1252 character set and AL16UTF16 NCHAR character set
server uses AL32UTF8 character set (possible charset conversion)

About to export specified users ...
. exporting pre-schema procedural objects and actions
. exporting foreign function library names for user RIJANKARKI 
. exporting PUBLIC type synonyms
. exporting private type synonyms
. exporting object type definitions for user RIJANKARKI 
About to export RIJANKARKI's objects ...
. exporting database links
. exporting sequence numbers
. exporting cluster definitions
. about to export RIJANKARKI's tables via Conventional Path ...
. . exporting table                     ASSESSMENT          0 rows exported
EXP-00091: Exporting questionable statistics.
. . exporting table                         MODULE          0 rows exported
EXP-00091: Exporting questionable statistics.
. . exporting table                        PROGRAM          0 rows exported
EXP-00091: Exporting questionable statistics.
. . exporting table                         RESULT          0 rows exported
EXP-00091: Exporting questionable statistics.
. . exporting table                        STUDENT          0 rows exported
EXP-00091: Exporting questionable statistics.
. exporting synonyms
. exporting views
. exporting stored procedures
. exporting operators
. exporting referential integrity constraints
. exporting triggers
. exporting indextypes
. exporting bitmap, functional and extensible indexes
. exporting posttables actions
. exporting materialized views
. exporting snapshot logs
. exporting job queues
. exporting refresh groups and children
. exporting dimensions
. exporting post-schema procedural objects and actions
. exporting statistics
Export terminated successfully with warnings.
